OpenSTA 2.5.0 GITDIR-NOT Copyright (c) 2024, Parallax Software, Inc.
License GPLv3: GNU GPL version 3 <http://gnu.org/licenses/gpl.html>

This is free software, and you are free to change and redistribute it
under certain conditions; type `show_copying' for details. 
This program comes with ABSOLUTELY NO WARRANTY; for details type `show_warranty'.
define_corners Typical
read_liberty -corner Typical /home/codespace/.volare/sky130A/libs.ref/sky130_fd_sc_hd/lib/sky130_fd_sc_hd__tt_025C_1v80.lib
Using 1e-12 for capacitance...
Using 1e+03 for resistance...
Using 1e-09 for time...
Using 1e+00 for voltage...
Using 1e-03 for current...
Using 1e-09 for power...
Using 1e-06 for distance...
Reading netlist '/openlane/designs/fa/runs/run1/results/synthesis/fa.v'…
Reading design constraints file at '/openlane/scripts/base.sdc'…
[INFO]: Setting output delay to: 2.0
[INFO]: Setting input delay to: 2.0
Warning: base.sdc line 18, port '__VIRTUAL_CLK__' not found.
[INFO]: Setting load to: 0.033442
[INFO]: Setting clock uncertainty to: 0.25
[INFO]: Setting clock transition to: 0.15
Warning: base.sdc line 52, transition time can not be specified for virtual clocks.
[INFO]: Setting timing derate to: 5.0 %
min_report

===========================================================================
report_checks -path_delay min (Hold)
============================================================================
======================= Typical Corner ===================================

Startpoint: c (input port clocked by __VIRTUAL_CLK__)
Endpoint: sum (output port clocked by __VIRTUAL_CLK__)
Path Group: __VIRTUAL_CLK__
Path Type: min

Fanout     Cap    Slew   Delay    Time   Description
-----------------------------------------------------------------------------
                  0.00    0.00    0.00   clock __VIRTUAL_CLK__ (rise edge)
                          0.00    0.00   clock network delay (ideal)
                          2.00    2.00 ^ input external delay
     2    0.01    0.06    0.04    2.04 ^ c (in)
                                         c (net)
                  0.06    0.00    2.04 ^ _3_/A (sky130_fd_sc_hd__xnor2_2)
     1    0.03    0.15    0.15    2.19 v _3_/Y (sky130_fd_sc_hd__xnor2_2)
                                         sum (net)
                  0.15    0.00    2.19 v sum (out)
                                  2.19   data arrival time

                  0.00    0.00    0.00   clock __VIRTUAL_CLK__ (rise edge)
                          0.00    0.00   clock network delay (ideal)
                          0.25    0.25   clock uncertainty
                          0.00    0.25   clock reconvergence pessimism
                         -2.00   -1.75   output external delay
                                 -1.75   data required time
-----------------------------------------------------------------------------
                                 -1.75   data required time
                                 -2.19   data arrival time
-----------------------------------------------------------------------------
                                  3.94   slack (MET)


Startpoint: a (input port clocked by __VIRTUAL_CLK__)
Endpoint: co (output port clocked by __VIRTUAL_CLK__)
Path Group: __VIRTUAL_CLK__
Path Type: min

Fanout     Cap    Slew   Delay    Time   Description
-----------------------------------------------------------------------------
                  0.00    0.00    0.00   clock __VIRTUAL_CLK__ (rise edge)
                          0.00    0.00   clock network delay (ideal)
                          2.00    2.00 ^ input external delay
     3    0.01    0.07    0.04    2.04 ^ a (in)
                                         a (net)
                  0.07    0.00    2.04 ^ _5_/A2 (sky130_fd_sc_hd__o21a_2)
     1    0.03    0.18    0.21    2.26 ^ _5_/X (sky130_fd_sc_hd__o21a_2)
                                         co (net)
                  0.18    0.00    2.26 ^ co (out)
                                  2.26   data arrival time

                  0.00    0.00    0.00   clock __VIRTUAL_CLK__ (rise edge)
                          0.00    0.00   clock network delay (ideal)
                          0.25    0.25   clock uncertainty
                          0.00    0.25   clock reconvergence pessimism
                         -2.00   -1.75   output external delay
                                 -1.75   data required time
-----------------------------------------------------------------------------
                                 -1.75   data required time
                                 -2.26   data arrival time
-----------------------------------------------------------------------------
                                  4.01   slack (MET)



worst slack corner Typical: 3.9393
min_report_end
max_report

===========================================================================
report_checks -path_delay max (Setup)
============================================================================
======================= Typical Corner ===================================

Startpoint: b (input port clocked by __VIRTUAL_CLK__)
Endpoint: sum (output port clocked by __VIRTUAL_CLK__)
Path Group: __VIRTUAL_CLK__
Path Type: max

Fanout     Cap    Slew   Delay    Time   Description
-----------------------------------------------------------------------------
                  0.00    0.00    0.00   clock __VIRTUAL_CLK__ (rise edge)
                          0.00    0.00   clock network delay (ideal)
                          2.00    2.00 v input external delay
     3    0.01    0.03    0.02    2.02 v b (in)
                                         b (net)
                  0.03    0.00    2.02 v _2_/A (sky130_fd_sc_hd__xnor2_2)
     1    0.01    0.06    0.14    2.17 v _2_/Y (sky130_fd_sc_hd__xnor2_2)
                                         _0_ (net)
                  0.06    0.00    2.17 v _3_/B (sky130_fd_sc_hd__xnor2_2)
     1    0.03    0.45    0.39    2.56 ^ _3_/Y (sky130_fd_sc_hd__xnor2_2)
                                         sum (net)
                  0.45    0.00    2.56 ^ sum (out)
                                  2.56   data arrival time

                  0.00   10.00   10.00   clock __VIRTUAL_CLK__ (rise edge)
                          0.00   10.00   clock network delay (ideal)
                         -0.25    9.75   clock uncertainty
                          0.00    9.75   clock reconvergence pessimism
                         -2.00    7.75   output external delay
                                  7.75   data required time
-----------------------------------------------------------------------------
                                  7.75   data required time
                                 -2.56   data arrival time
-----------------------------------------------------------------------------
                                  5.19   slack (MET)


Startpoint: a (input port clocked by __VIRTUAL_CLK__)
Endpoint: co (output port clocked by __VIRTUAL_CLK__)
Path Group: __VIRTUAL_CLK__
Path Type: max

Fanout     Cap    Slew   Delay    Time   Description
-----------------------------------------------------------------------------
                  0.00    0.00    0.00   clock __VIRTUAL_CLK__ (rise edge)
                          0.00    0.00   clock network delay (ideal)
                          2.00    2.00 v input external delay
     3    0.01    0.03    0.02    2.02 v a (in)
                                         a (net)
                  0.03    0.00    2.02 v _4_/A2 (sky130_fd_sc_hd__a21o_2)
     1    0.00    0.03    0.20    2.22 v _4_/X (sky130_fd_sc_hd__a21o_2)
                                         _1_ (net)
                  0.03    0.00    2.22 v _5_/B1 (sky130_fd_sc_hd__o21a_2)
     1    0.03    0.10    0.18    2.41 v _5_/X (sky130_fd_sc_hd__o21a_2)
                                         co (net)
                  0.10    0.00    2.41 v co (out)
                                  2.41   data arrival time

                  0.00   10.00   10.00   clock __VIRTUAL_CLK__ (rise edge)
                          0.00   10.00   clock network delay (ideal)
                         -0.25    9.75   clock uncertainty
                          0.00    9.75   clock reconvergence pessimism
                         -2.00    7.75   output external delay
                                  7.75   data required time
-----------------------------------------------------------------------------
                                  7.75   data required time
                                 -2.41   data arrival time
-----------------------------------------------------------------------------
                                  5.34   slack (MET)



worst slack corner Typical: 5.1937
max_report_end
checks_report

===========================================================================
report_checks -unconstrained
===========================================================================
======================= Typical Corner ===================================

Startpoint: b (input port clocked by __VIRTUAL_CLK__)
Endpoint: sum (output port clocked by __VIRTUAL_CLK__)
Path Group: __VIRTUAL_CLK__
Path Type: max

Fanout     Cap    Slew   Delay    Time   Description
-----------------------------------------------------------------------------
                  0.00    0.00    0.00   clock __VIRTUAL_CLK__ (rise edge)
                          0.00    0.00   clock network delay (ideal)
                          2.00    2.00 v input external delay
     3    0.01    0.03    0.02    2.02 v b (in)
                                         b (net)
                  0.03    0.00    2.02 v _2_/A (sky130_fd_sc_hd__xnor2_2)
     1    0.01    0.06    0.14    2.17 v _2_/Y (sky130_fd_sc_hd__xnor2_2)
                                         _0_ (net)
                  0.06    0.00    2.17 v _3_/B (sky130_fd_sc_hd__xnor2_2)
     1    0.03    0.45    0.39    2.56 ^ _3_/Y (sky130_fd_sc_hd__xnor2_2)
                                         sum (net)
                  0.45    0.00    2.56 ^ sum (out)
                                  2.56   data arrival time

                  0.00   10.00   10.00   clock __VIRTUAL_CLK__ (rise edge)
                          0.00   10.00   clock network delay (ideal)
                         -0.25    9.75   clock uncertainty
                          0.00    9.75   clock reconvergence pessimism
                         -2.00    7.75   output external delay
                                  7.75   data required time
-----------------------------------------------------------------------------
                                  7.75   data required time
                                 -2.56   data arrival time
-----------------------------------------------------------------------------
                                  5.19   slack (MET)




===========================================================================
report_checks --slack_max -0.01
============================================================================
======================= Typical Corner ===================================

No paths found.


===========================================================================
 report_check_types -max_slew -max_cap -max_fanout -violators
============================================================================
======================= Typical Corner ===================================


max slew violations count Typical: 0
max fanout violations count Typical: 0
max cap violations count Typical: 0

===========================================================================
report_parasitic_annotation -report_unannotated
============================================================================
Found 7 unannotated drivers.
 a
 b
 c
 _2_/Y
 _3_/Y
 _4_/X
 _5_/X
Found 0 partially unannotated drivers.

===========================================================================
max slew violation count 0
max fanout violation count 0
max cap violation count 0
============================================================================

===========================================================================
check_setup -verbose -unconstrained_endpoints -multiple_clock -no_clock -no_input_delay -loops -generated_clocks
===========================================================================
checks_report_end
power_report

===========================================================================
 report_power
============================================================================
======================= Typical Corner ===================================

Group                  Internal  Switching    Leakage      Total
                          Power      Power      Power      Power (Watts)
----------------------------------------------------------------
Sequential             0.00e+00   0.00e+00   0.00e+00   0.00e+00   0.0%
Combinational          1.38e-06   2.20e-06   2.31e-11   3.59e-06 100.0%
Clock                  0.00e+00   0.00e+00   0.00e+00   0.00e+00   0.0%
Macro                  0.00e+00   0.00e+00   0.00e+00   0.00e+00   0.0%
Pad                    0.00e+00   0.00e+00   0.00e+00   0.00e+00   0.0%
----------------------------------------------------------------
Total                  1.38e-06   2.20e-06   2.31e-11   3.59e-06 100.0%
                          38.6%      61.4%       0.0%

power_report_end
summary_report

===========================================================================
report_tns
============================================================================
tns 0.00

===========================================================================
report_wns
============================================================================
wns 0.00

===========================================================================
report_worst_slack -max (Setup)
============================================================================
worst slack 5.19

===========================================================================
report_worst_slack -min (Hold)
============================================================================
worst slack 3.94
summary_report_end
[WARNING] Did not save OpenROAD database!
Writing SDF to '/openlane/designs/fa/runs/run1/results/synthesis/fa.sdf'…
