OpenROAD d423155d69de7f683a23f6916ead418a615ad4ad 
Features included (+) or not (-):  +Charts +GPU +GUI +Python
This program is licensed under the BSD-3 license. See the LICENSE file for details.
Components of this program may be licensed under more restrictive licenses which must be honored.
[INFO]: Reading ODB at '/openlane/designs/fa/runs/run1/tmp/placement/12-resizer.odb'…
define_corners Typical
read_liberty -corner Typical /home/codespace/.volare/sky130A/libs.ref/sky130_fd_sc_hd/lib/sky130_fd_sc_hd__tt_025C_1v80.lib
Using 1e-12 for capacitance...
Using 1e+03 for resistance...
Using 1e-09 for time...
Using 1e+00 for voltage...
Using 1e-03 for current...
Using 1e-09 for power...
Using 1e-06 for distance...
Reading design constraints file at '/openlane/scripts/base.sdc'…
[INFO]: Setting output delay to: 2.0
[INFO]: Setting input delay to: 2.0
[WARNING STA-0366] port '__VIRTUAL_CLK__' not found.
[INFO]: Setting load to: 0.033442
[INFO]: Setting clock uncertainty to: 0.25
[INFO]: Setting clock transition to: 0.15
[WARNING STA-0419] transition time can not be specified for virtual clocks.
[INFO]: Setting timing derate to: 5.0 %
Placement Analysis
---------------------------------
total displacement          0.0 u
average displacement        0.0 u
max displacement            0.0 u
original HPWL             126.9 u
legalized HPWL            133.6 u
delta HPWL                    5 %

[INFO DPL-0020] Mirrored 4 instances
[INFO DPL-0021] HPWL before             133.6 u
[INFO DPL-0022] HPWL after              126.9 u
[INFO DPL-0023] HPWL delta               -5.0 %
Setting global connections for newly added cells…
Writing OpenROAD database to '/openlane/designs/fa/runs/run1/results/placement/fa.odb'…
Writing netlist to '/openlane/designs/fa/runs/run1/results/placement/fa.nl.v'…
Writing powered netlist to '/openlane/designs/fa/runs/run1/results/placement/fa.pnl.v'…
Writing layout to '/openlane/designs/fa/runs/run1/results/placement/fa.def'…
