#! /usr/local/bin/vvp
:ivl_version "13.0 (devel)" "(s20221226-521-g713b00213-dirty)";
:ivl_delay_selection "TYPICAL";
:vpi_time_precision - 12;
:vpi_module "/usr/local/lib/ivl/system.vpi";
:vpi_module "/usr/local/lib/ivl/vhdl_sys.vpi";
:vpi_module "/usr/local/lib/ivl/vhdl_textio.vpi";
:vpi_module "/usr/local/lib/ivl/v2005_math.vpi";
:vpi_module "/usr/local/lib/ivl/va_math.vpi";
S_0x555fde328780 .scope module, "tb_ha" "tb_ha" 2 2;
 .timescale -9 -12;
v0x555fde33b360_0 .var "a", 0 0;
v0x555fde33b420_0 .var "b", 0 0;
v0x555fde33b4f0_0 .net "co", 0 0, L_0x555fde33b820;  1 drivers
v0x555fde33b5f0_0 .net "sum", 0 0, L_0x555fde33b6c0;  1 drivers
S_0x555fde328910 .scope module, "dut" "ha" 2 7, 3 1 0, S_0x555fde328780;
 .timescale 0 0;
    .port_info 0 /INPUT 1 "a";
    .port_info 1 /INPUT 1 "b";
    .port_info 2 /OUTPUT 1 "sum";
    .port_info 3 /OUTPUT 1 "co";
L_0x555fde33b6c0 .functor XOR 1, v0x555fde33b360_0, v0x555fde33b420_0, C4<0>, C4<0>;
L_0x555fde33b820 .functor AND 1, v0x555fde33b360_0, v0x555fde33b420_0, C4<1>, C4<1>;
v0x555fde328af0_0 .net "a", 0 0, v0x555fde33b360_0;  1 drivers
v0x555fde33b0c0_0 .net "b", 0 0, v0x555fde33b420_0;  1 drivers
v0x555fde33b180_0 .net "co", 0 0, L_0x555fde33b820;  alias, 1 drivers
v0x555fde33b220_0 .net "sum", 0 0, L_0x555fde33b6c0;  alias, 1 drivers
    .scope S_0x555fde328780;
T_0 ;
    %vpi_call 2 10 "$monitor", "@time %gns a %b b %b co %b sum %b", $time, v0x555fde33b360_0, v0x555fde33b420_0, v0x555fde33b4f0_0, v0x555fde33b5f0_0 {0 0 0};
    %delay 1000, 0;
    %pushi/vec4 0, 0, 1;
    %store/vec4 v0x555fde33b360_0, 0, 1;
    %pushi/vec4 0, 0, 1;
    %store/vec4 v0x555fde33b420_0, 0, 1;
    %delay 5000, 0;
    %pushi/vec4 1, 0, 1;
    %store/vec4 v0x555fde33b420_0, 0, 1;
    %delay 5000, 0;
    %pushi/vec4 1, 0, 1;
    %store/vec4 v0x555fde33b360_0, 0, 1;
    %pushi/vec4 0, 0, 1;
    %store/vec4 v0x555fde33b420_0, 0, 1;
    %delay 5000, 0;
    %pushi/vec4 1, 0, 1;
    %store/vec4 v0x555fde33b420_0, 0, 1;
    %delay 5000, 0;
    %vpi_call 2 17 "$stop" {0 0 0};
    %end;
    .thread T_0;
    .scope S_0x555fde328780;
T_1 ;
    %vpi_call 2 21 "$dumpfile", "ha.vcd" {0 0 0};
    %vpi_call 2 22 "$dumpvars", 32'sb00000000000000000000000000000001 {0 0 0};
    %end;
    .thread T_1;
# The file index is used to find the file name in the following table.
:file_names 4;
    "N/A";
    "<interactive>";
    "tb_ha.v";
    "ha.v";
